#
# There is insufficient memory for the Java Runtime Environment to continue.
# Native memory allocation (mmap) failed to map 27262976 bytes for G1 virtual space
# Possible reasons:
#   The system is out of physical RAM or swap space
#   The process is running with CompressedOops enabled, and the Java Heap may be blocking the growth of the native heap
# Possible solutions:
#   Reduce memory load on the system
#   Increase physical memory or swap space
#   Check if swap backing store is full
#   Decrease Java heap size (-Xmx/-Xms)
#   Decrease number of Java threads
#   Decrease Java thread stack sizes (-Xss)
#   Set larger code cache with -XX:ReservedCodeCacheSize=
#   JVM is running with Zero Based Compressed Oops mode in which the Java heap is
#     placed in the first 32GB address space. The Java Heap base address is the
#     maximum limit for the native heap growth. Please use -XX:HeapBaseMinAddress
#     to set the Java Heap base and to place the Java Heap above 32GB virtual address.
# This output file may be truncated or incomplete.
#
#  Out of Memory Error (os_windows.cpp:3469), pid=9200, tid=16116
#
# JRE version: Java(TM) SE Runtime Environment (17.0.1+12) (build 17.0.1+12-LTS-39)
# Java VM: Java HotSpot(TM) 64-Bit Server VM (17.0.1+12-LTS-39, mixed mode, sharing, tiered, compressed oops, compressed class ptrs, g1 gc, windows-amd64)
# No core dump will be written. Minidumps are not enabled by default on client versions of Windows
#

---------------  S U M M A R Y ------------

Command Line: -Xdebug -Xnoagent -Djava.compiler=NONE -Xrunjdwp:transport=dt_socket,address=localhost:49436,server=n,suspend=y -XX:+ShowCodeDetailsInExceptionMessages -Dfile.encoding=UTF-8 proyecto.ProyectoApplication

Host: Intel(R) Core(TM) i5-7200U CPU @ 2.50GHz, 4 cores, 15G,  Windows 10 , 64 bit Build 19041 (10.0.19041.1741)
Time: Thu Jun 23 23:33:03 2022 Hora de verano romance elapsed time: 4.851921 seconds (0d 0h 0m 4s)

---------------  T H R E A D  ---------------

Current thread (0x000002495e7d7c20):  VMThread "VM Thread" [stack: 0x0000006089900000,0x0000006089a00000] [id=16116]

Stack: [0x0000006089900000,0x0000006089a00000]
Native frames: (J=compiled Java code, j=interpreted, Vv=VM code, C=native code)
V  [jvm.dll+0x66fa1a]
V  [jvm.dll+0x7ce5a4]
V  [jvm.dll+0x7cfd4e]
V  [jvm.dll+0x7d03b3]
V  [jvm.dll+0x242b05]
V  [jvm.dll+0x66ca39]
V  [jvm.dll+0x661502]
V  [jvm.dll+0x30081b]
V  [jvm.dll+0x307da6]
V  [jvm.dll+0x357a1e]
V  [jvm.dll+0x357c4f]
V  [jvm.dll+0x2d7ad8]
V  [jvm.dll+0x2dab56]
V  [jvm.dll+0x2e5198]
V  [jvm.dll+0x318f20]
V  [jvm.dll+0x7d484b]
V  [jvm.dll+0x7d5584]
V  [jvm.dll+0x7d5a9c]
V  [jvm.dll+0x7d5e74]
V  [jvm.dll+0x7d5f40]
V  [jvm.dll+0x77e91a]
V  [jvm.dll+0x66e845]
C  [ucrtbase.dll+0x21bb2]
C  [KERNEL32.DLL+0x17034]
C  [ntdll.dll+0x52651]

VM_Operation (0x00000060895ff580): G1Concurrent, mode: safepoint, requested by thread 0x000002493a44db00


---------------  P R O C E S S  ---------------

Threads class SMR info:
_java_thread_list=0x0000024962187bd0, length=18, elements={
0x000002493a3ef5f0, 0x000002495e7d2a30, 0x000002495e7d38a0, 0x000002495e7ebf70,
0x000002495e7ec920, 0x000002495e7eda70, 0x000002495e7f20c0, 0x000002495e7f3540,
0x000002495e7f5e40, 0x000002495e814f10, 0x000002495f533d30, 0x000002495f53ba20,
0x000002495f53bf10, 0x000002495f542e10, 0x000002495f5440b0, 0x00000249601eae10,
0x00000249601ed960, 0x00000249601ec150
}

Java Threads: ( => current thread )
  0x000002493a3ef5f0 JavaThread "main" [_thread_blocked, id=9492, stack(0x0000006089300000,0x0000006089400000)]
  0x000002495e7d2a30 JavaThread "Reference Handler" daemon [_thread_blocked, id=24224, stack(0x0000006089a00000,0x0000006089b00000)]
  0x000002495e7d38a0 JavaThread "Finalizer" daemon [_thread_blocked, id=11592, stack(0x0000006089b00000,0x0000006089c00000)]
  0x000002495e7ebf70 JavaThread "Signal Dispatcher" daemon [_thread_blocked, id=9904, stack(0x0000006089c00000,0x0000006089d00000)]
  0x000002495e7ec920 JavaThread "Attach Listener" daemon [_thread_blocked, id=3632, stack(0x0000006089d00000,0x0000006089e00000)]
  0x000002495e7eda70 JavaThread "Service Thread" daemon [_thread_blocked, id=17644, stack(0x0000006089e00000,0x0000006089f00000)]
  0x000002495e7f20c0 JavaThread "Monitor Deflation Thread" daemon [_thread_blocked, id=14568, stack(0x0000006089f00000,0x000000608a000000)]
  0x000002495e7f3540 JavaThread "C2 CompilerThread0" daemon [_thread_blocked, id=18256, stack(0x000000608a000000,0x000000608a100000)]
  0x000002495e7f5e40 JavaThread "C1 CompilerThread0" daemon [_thread_blocked, id=22224, stack(0x000000608a100000,0x000000608a200000)]
  0x000002495e814f10 JavaThread "Sweeper thread" daemon [_thread_blocked, id=23356, stack(0x000000608a200000,0x000000608a300000)]
  0x000002495f533d30 JavaThread "JDWP Transport Listener: dt_socket" daemon [_thread_blocked, id=21264, stack(0x000000608a300000,0x000000608a400000)]
  0x000002495f53ba20 JavaThread "JDWP Event Helper Thread" daemon [_thread_blocked, id=18384, stack(0x000000608a400000,0x000000608a500000)]
  0x000002495f53bf10 JavaThread "JDWP Command Reader" daemon [_thread_in_native, id=25480, stack(0x000000608a500000,0x000000608a600000)]
  0x000002495f542e10 JavaThread "Notification Thread" daemon [_thread_blocked, id=21684, stack(0x000000608a600000,0x000000608a700000)]
  0x000002495f5440b0 JavaThread "Common-Cleaner" daemon [_thread_blocked, id=1868, stack(0x000000608a800000,0x000000608a900000)]
  0x00000249601eae10 JavaThread "Catalina-utility-1" [_thread_blocked, id=14836, stack(0x000000608ae00000,0x000000608af00000)]
  0x00000249601ed960 JavaThread "Catalina-utility-2" [_thread_blocked, id=24480, stack(0x000000608af00000,0x000000608b000000)]
  0x00000249601ec150 JavaThread "container-0" [_thread_blocked, id=20740, stack(0x000000608b000000,0x000000608b100000)]

Other Threads:
=>0x000002495e7d7c20 VMThread "VM Thread" [stack: 0x0000006089900000,0x0000006089a00000] [id=16116]
  0x000002493a458c60 WatcherThread [stack: 0x000000608a700000,0x000000608a800000] [id=21952]
  0x000002493a43cc30 GCTaskThread "GC Thread#0" [stack: 0x0000006089400000,0x0000006089500000] [id=13576]
  0x000002495fbf82c0 GCTaskThread "GC Thread#1" [stack: 0x000000608a900000,0x000000608aa00000] [id=15836]
  0x000002495fbf8570 GCTaskThread "GC Thread#2" [stack: 0x000000608aa00000,0x000000608ab00000] [id=21916]
  0x000002495fbf8820 GCTaskThread "GC Thread#3" [stack: 0x000000608ab00000,0x000000608ac00000] [id=23664]
  0x000002493a44db00 ConcurrentGCThread "G1 Main Marker" [stack: 0x0000006089500000,0x0000006089600000] [id=24196]
  0x000002493a44ecb0 ConcurrentGCThread "G1 Conc#0" [stack: 0x0000006089600000,0x0000006089700000] [id=25496]
  0x000002493a4ad1b0 ConcurrentGCThread "G1 Refine#0" [stack: 0x0000006089700000,0x0000006089800000] [id=16400]
  0x000002495fbf8ad0 ConcurrentGCThread "G1 Refine#1" [stack: 0x000000608ac00000,0x000000608ad00000] [id=25492]
  0x00000249621a7b20 ConcurrentGCThread "G1 Refine#2" [stack: 0x000000608b100000,0x000000608b200000] [id=19008]
  0x000002493a4adbd0 ConcurrentGCThread "G1 Service" [stack: 0x0000006089800000,0x0000006089900000] [id=23000]

Threads with active compile tasks:

VM state: at safepoint (normal execution)

VM Mutex/Monitor currently owned by a thread:  ([mutex/lock_event])
[0x000002493a3eb2d0] Threads_lock - owner thread: 0x000002495e7d7c20
[0x000002493a3eb630] Heap_lock - owner thread: 0x000002493a44db00

Heap address: 0x0000000701400000, size: 4076 MB, Compressed Oops mode: Zero based, Oop shift amount: 3

CDS archive(s) mapped at: [0x0000000800000000-0x0000000800bc0000-0x0000000800bc0000), size 12320768, SharedBaseAddress: 0x0000000800000000, ArchiveRelocationMode: 0.
Compressed class space mapped at: 0x0000000800c00000-0x0000000840c00000, reserved size: 1073741824
Narrow klass base: 0x0000000800000000, Narrow klass shift: 0, Narrow klass range: 0x100000000

GC Precious Log:
 CPUs: 4 total, 4 available
 Memory: 16301M
 Large Page Support: Disabled
 NUMA Support: Disabled
 Compressed Oops: Enabled (Zero based)
 Heap Region Size: 2M
 Heap Min Capacity: 8M
 Heap Initial Capacity: 256M
 Heap Max Capacity: 4076M
 Pre-touch: Disabled
 Parallel Workers: 4
 Concurrent Workers: 1
 Concurrent Refinement Workers: 4
 Periodic GC: Disabled

Heap:
 garbage-first heap   total 264192K, used 171291K [0x0000000701400000, 0x0000000800000000)
  region size 2048K, 15 young (30720K), 3 survivors (6144K)
 Metaspace       used 23084K, committed 23424K, reserved 1073152K
  class space    used 2829K, committed 3008K, reserved 1048576K

Heap Regions: E=young(eden), S=young(survivor), O=old, HS=humongous(starts), HC=humongous(continues), CS=collection set, F=free, OA=open archive, CA=closed archive, TAMS=top-at-mark-start (previous, next)
|   0|0x0000000701400000, 0x0000000701600000, 0x0000000701600000|100%| O|  |TAMS 0x0000000701600000, 0x0000000701400000| Untracked 
|   1|0x0000000701600000, 0x0000000701800000, 0x0000000701800000|100%| O|  |TAMS 0x0000000701800000, 0x0000000701600000| Updating 
|   2|0x0000000701800000, 0x0000000701a00000, 0x0000000701a00000|100%| O|  |TAMS 0x0000000701a00000, 0x0000000701800000| Untracked 
|   3|0x0000000701a00000, 0x0000000701c00000, 0x0000000701c00000|100%| O|  |TAMS 0x0000000701c00000, 0x0000000701a00000| Untracked 
|   4|0x0000000701c00000, 0x0000000701e00000, 0x0000000701e00000|100%| O|  |TAMS 0x0000000701e00000, 0x0000000701c00000| Untracked 
|   5|0x0000000701e00000, 0x0000000702000000, 0x0000000702000000|100%| O|  |TAMS 0x0000000702000000, 0x0000000701e00000| Untracked 
|   6|0x0000000702000000, 0x0000000702200000, 0x0000000702200000|100%| O|  |TAMS 0x0000000702200000, 0x0000000702000000| Untracked 
|   7|0x0000000702200000, 0x0000000702400000, 0x0000000702400000|100%| O|  |TAMS 0x0000000702400000, 0x0000000702200000| Updating 
|   8|0x0000000702400000, 0x0000000702600000, 0x0000000702600000|100%| O|  |TAMS 0x0000000702600000, 0x0000000702400000| Untracked 
|   9|0x0000000702600000, 0x0000000702800000, 0x0000000702800000|100%| O|  |TAMS 0x0000000702800000, 0x0000000702600000| Untracked 
|  10|0x0000000702800000, 0x0000000702a00000, 0x0000000702a00000|100%| O|  |TAMS 0x0000000702a00000, 0x0000000702800000| Updating 
|  11|0x0000000702a00000, 0x0000000702b46c00, 0x0000000702c00000| 63%| O|  |TAMS 0x0000000702b46c00, 0x0000000702a00000| Updating 
|  12|0x0000000702c00000, 0x0000000702e00000, 0x0000000702e00000|100%| O|  |TAMS 0x0000000702e00000, 0x0000000702c00000| Untracked 
|  13|0x0000000702e00000, 0x0000000703000000, 0x0000000703000000|100%| O|  |TAMS 0x0000000703000000, 0x0000000702e00000| Untracked 
|  14|0x0000000703000000, 0x0000000703200000, 0x0000000703200000|100%| O|  |TAMS 0x0000000703200000, 0x0000000703000000| Untracked 
|  15|0x0000000703200000, 0x0000000703400000, 0x0000000703400000|100%| O|  |TAMS 0x0000000703400000, 0x0000000703200000| Untracked 
|  16|0x0000000703400000, 0x0000000703600000, 0x0000000703600000|100%| O|  |TAMS 0x0000000703600000, 0x0000000703400000| Untracked 
|  17|0x0000000703600000, 0x0000000703800000, 0x0000000703800000|100%| O|  |TAMS 0x0000000703800000, 0x0000000703600000| Untracked 
|  18|0x0000000703800000, 0x0000000703a00000, 0x0000000703a00000|100%| O|  |TAMS 0x0000000703a00000, 0x0000000703800000| Untracked 
|  19|0x0000000703a00000, 0x0000000703c00000, 0x0000000703c00000|100%| O|  |TAMS 0x0000000703c00000, 0x0000000703a00000| Untracked 
|  20|0x0000000703c00000, 0x0000000703e00000, 0x0000000703e00000|100%| O|  |TAMS 0x0000000703e00000, 0x0000000703c00000| Untracked 
|  21|0x0000000703e00000, 0x0000000704000000, 0x0000000704000000|100%| O|  |TAMS 0x0000000704000000, 0x0000000703e00000| Untracked 
|  22|0x0000000704000000, 0x0000000704200000, 0x0000000704200000|100%| O|  |TAMS 0x0000000704200000, 0x0000000704000000| Untracked 
|  23|0x0000000704200000, 0x0000000704400000, 0x0000000704400000|100%| O|  |TAMS 0x0000000704400000, 0x0000000704200000| Untracked 
|  24|0x0000000704400000, 0x0000000704600000, 0x0000000704600000|100%| O|  |TAMS 0x0000000704600000, 0x0000000704400000| Untracked 
|  25|0x0000000704600000, 0x0000000704800000, 0x0000000704800000|100%| O|  |TAMS 0x0000000704800000, 0x0000000704600000| Untracked 
|  26|0x0000000704800000, 0x0000000704a00000, 0x0000000704a00000|100%| O|  |TAMS 0x0000000704a00000, 0x0000000704800000| Untracked 
|  27|0x0000000704a00000, 0x0000000704c00000, 0x0000000704c00000|100%| O|  |TAMS 0x0000000704c00000, 0x0000000704a00000| Untracked 
|  28|0x0000000704c00000, 0x0000000704e00000, 0x0000000704e00000|100%| O|  |TAMS 0x0000000704e00000, 0x0000000704c00000| Untracked 
|  29|0x0000000704e00000, 0x0000000705000000, 0x0000000705000000|100%| O|  |TAMS 0x0000000705000000, 0x0000000704e00000| Untracked 
|  30|0x0000000705000000, 0x0000000705200000, 0x0000000705200000|100%| O|  |TAMS 0x0000000705200000, 0x0000000705000000| Untracked 
|  31|0x0000000705200000, 0x0000000705400000, 0x0000000705400000|100%| O|  |TAMS 0x0000000705400000, 0x0000000705200000| Updating 
|  32|0x0000000705400000, 0x0000000705600000, 0x0000000705600000|100%| O|  |TAMS 0x0000000705600000, 0x0000000705400000| Untracked 
|  33|0x0000000705600000, 0x0000000705800000, 0x0000000705800000|100%| O|  |TAMS 0x0000000705800000, 0x0000000705600000| Untracked 
|  34|0x0000000705800000, 0x0000000705a00000, 0x0000000705a00000|100%| O|  |TAMS 0x0000000705a00000, 0x0000000705800000| Untracked 
|  35|0x0000000705a00000, 0x0000000705c00000, 0x0000000705c00000|100%| O|  |TAMS 0x0000000705c00000, 0x0000000705a00000| Updating 
|  36|0x0000000705c00000, 0x0000000705e00000, 0x0000000705e00000|100%| O|  |TAMS 0x0000000705e00000, 0x0000000705c00000| Untracked 
|  37|0x0000000705e00000, 0x0000000706000000, 0x0000000706000000|100%| O|  |TAMS 0x0000000706000000, 0x0000000705e00000| Untracked 
|  38|0x0000000706000000, 0x0000000706200000, 0x0000000706200000|100%| O|  |TAMS 0x0000000706200000, 0x0000000706000000| Updating 
|  39|0x0000000706200000, 0x0000000706400000, 0x0000000706400000|100%| O|  |TAMS 0x0000000706400000, 0x0000000706200000| Untracked 
|  40|0x0000000706400000, 0x0000000706600000, 0x0000000706600000|100%| O|  |TAMS 0x0000000706600000, 0x0000000706400000| Untracked 
|  41|0x0000000706600000, 0x0000000706800000, 0x0000000706800000|100%| O|  |TAMS 0x0000000706800000, 0x0000000706600000| Updating 
|  42|0x0000000706800000, 0x0000000706a00000, 0x0000000706a00000|100%| O|  |TAMS 0x0000000706a00000, 0x0000000706800000| Untracked 
|  43|0x0000000706a00000, 0x0000000706c00000, 0x0000000706c00000|100%| O|  |TAMS 0x0000000706c00000, 0x0000000706a00000| Updating 
|  44|0x0000000706c00000, 0x0000000706e00000, 0x0000000706e00000|100%| O|  |TAMS 0x0000000706e00000, 0x0000000706c00000| Untracked 
|  45|0x0000000706e00000, 0x0000000707000000, 0x0000000707000000|100%| O|  |TAMS 0x0000000707000000, 0x0000000706e00000| Untracked 
|  46|0x0000000707000000, 0x0000000707200000, 0x0000000707200000|100%| O|  |TAMS 0x0000000707200000, 0x0000000707000000| Untracked 
|  47|0x0000000707200000, 0x0000000707400000, 0x0000000707400000|100%| O|  |TAMS 0x0000000707400000, 0x0000000707200000| Untracked 
|  48|0x0000000707400000, 0x0000000707600000, 0x0000000707600000|100%| O|  |TAMS 0x0000000707600000, 0x0000000707400000| Untracked 
|  49|0x0000000707600000, 0x0000000707800000, 0x0000000707800000|100%| O|  |TAMS 0x0000000707800000, 0x0000000707600000| Untracked 
|  50|0x0000000707800000, 0x0000000707a00000, 0x0000000707a00000|100%| O|  |TAMS 0x0000000707a00000, 0x0000000707800000| Untracked 
|  51|0x0000000707a00000, 0x0000000707c00000, 0x0000000707c00000|100%| O|  |TAMS 0x0000000707c00000, 0x0000000707a00000| Untracked 
|  52|0x0000000707c00000, 0x0000000707e00000, 0x0000000707e00000|100%| O|  |TAMS 0x0000000707e00000, 0x0000000707c00000| Untracked 
|  53|0x0000000707e00000, 0x0000000708000000, 0x0000000708000000|100%| O|  |TAMS 0x0000000708000000, 0x0000000707e00000| Untracked 
|  54|0x0000000708000000, 0x0000000708200000, 0x0000000708200000|100%| O|  |TAMS 0x0000000708200000, 0x0000000708000000| Untracked 
|  55|0x0000000708200000, 0x0000000708400000, 0x0000000708400000|100%| O|  |TAMS 0x0000000708400000, 0x0000000708200000| Untracked 
|  56|0x0000000708400000, 0x0000000708600000, 0x0000000708600000|100%| O|  |TAMS 0x0000000708600000, 0x0000000708400000| Untracked 
|  57|0x0000000708600000, 0x0000000708800000, 0x0000000708800000|100%| O|  |TAMS 0x00000007086e6800, 0x0000000708600000| Updating 
|  58|0x0000000708800000, 0x0000000708a00000, 0x0000000708a00000|100%| O|  |TAMS 0x0000000708800000, 0x0000000708800000| Untracked 
|  59|0x0000000708a00000, 0x0000000708c00000, 0x0000000708c00000|100%| O|  |TAMS 0x0000000708a00000, 0x0000000708a00000| Untracked 
|  60|0x0000000708c00000, 0x0000000708e00000, 0x0000000708e00000|100%| O|  |TAMS 0x0000000708c00000, 0x0000000708c00000| Untracked 
|  61|0x0000000708e00000, 0x0000000709000000, 0x0000000709000000|100%| O|  |TAMS 0x0000000708e00000, 0x0000000708e00000| Untracked 
|  62|0x0000000709000000, 0x0000000709200000, 0x0000000709200000|100%| O|  |TAMS 0x0000000709000000, 0x0000000709000000| Untracked 
|  63|0x0000000709200000, 0x0000000709400000, 0x0000000709400000|100%| O|  |TAMS 0x0000000709200000, 0x0000000709200000| Untracked 
|  64|0x0000000709400000, 0x0000000709600000, 0x0000000709600000|100%| O|  |TAMS 0x0000000709400000, 0x0000000709400000| Untracked 
|  65|0x0000000709600000, 0x0000000709800000, 0x0000000709800000|100%| O|  |TAMS 0x0000000709600000, 0x0000000709600000| Untracked 
|  66|0x0000000709800000, 0x0000000709a00000, 0x0000000709a00000|100%| O|  |TAMS 0x0000000709800000, 0x0000000709800000| Untracked 
|  67|0x0000000709a00000, 0x0000000709c00000, 0x0000000709c00000|100%| O|  |TAMS 0x0000000709a00000, 0x0000000709a00000| Untracked 
|  68|0x0000000709c00000, 0x0000000709e00000, 0x0000000709e00000|100%| O|  |TAMS 0x0000000709c00000, 0x0000000709c00000| Untracked 
|  69|0x0000000709e00000, 0x0000000709e00000, 0x000000070a000000|  0%| F|  |TAMS 0x0000000709e00000, 0x0000000709e00000| Untracked 
|  70|0x000000070a000000, 0x000000070a000000, 0x000000070a200000|  0%| F|  |TAMS 0x000000070a000000, 0x000000070a000000| Untracked 
|  71|0x000000070a200000, 0x000000070a200000, 0x000000070a400000|  0%| F|  |TAMS 0x000000070a200000, 0x000000070a200000| Untracked 
|  72|0x000000070a400000, 0x000000070a400000, 0x000000070a600000|  0%| F|  |TAMS 0x000000070a400000, 0x000000070a400000| Untracked 
|  73|0x000000070a600000, 0x000000070a600000, 0x000000070a800000|  0%| F|  |TAMS 0x000000070a600000, 0x000000070a600000| Untracked 
|  74|0x000000070a800000, 0x000000070a800000, 0x000000070aa00000|  0%| F|  |TAMS 0x000000070a800000, 0x000000070a800000| Untracked 
|  75|0x000000070aa00000, 0x000000070aa00000, 0x000000070ac00000|  0%| F|  |TAMS 0x000000070aa00000, 0x000000070aa00000| Untracked 
|  76|0x000000070ac00000, 0x000000070ac00000, 0x000000070ae00000|  0%| F|  |TAMS 0x000000070ac00000, 0x000000070ac00000| Untracked 
|  77|0x000000070ae00000, 0x000000070ae00000, 0x000000070b000000|  0%| F|  |TAMS 0x000000070ae00000, 0x000000070ae00000| Untracked 
|  78|0x000000070b000000, 0x000000070b000000, 0x000000070b200000|  0%| F|  |TAMS 0x000000070b000000, 0x000000070b000000| Untracked 
|  79|0x000000070b200000, 0x000000070b200000, 0x000000070b400000|  0%| F|  |TAMS 0x000000070b200000, 0x000000070b200000| Untracked 
|  80|0x000000070b400000, 0x000000070b400000, 0x000000070b600000|  0%| F|  |TAMS 0x000000070b400000, 0x000000070b400000| Untracked 
|  81|0x000000070b600000, 0x000000070b600000, 0x000000070b800000|  0%| F|  |TAMS 0x000000070b600000, 0x000000070b600000| Untracked 
|  82|0x000000070b800000, 0x000000070b800000, 0x000000070ba00000|  0%| F|  |TAMS 0x000000070b800000, 0x000000070b800000| Untracked 
|  83|0x000000070ba00000, 0x000000070ba00000, 0x000000070bc00000|  0%| F|  |TAMS 0x000000070ba00000, 0x000000070ba00000| Untracked 
|  84|0x000000070bc00000, 0x000000070bc00000, 0x000000070be00000|  0%| F|  |TAMS 0x000000070bc00000, 0x000000070bc00000| Untracked 
|  85|0x000000070be00000, 0x000000070be00000, 0x000000070c000000|  0%| F|  |TAMS 0x000000070be00000, 0x000000070be00000| Untracked 
|  86|0x000000070c000000, 0x000000070c000000, 0x000000070c200000|  0%| F|  |TAMS 0x000000070c000000, 0x000000070c000000| Untracked 
|  87|0x000000070c200000, 0x000000070c200000, 0x000000070c400000|  0%| F|  |TAMS 0x000000070c200000, 0x000000070c200000| Untracked 
|  88|0x000000070c400000, 0x000000070c400000, 0x000000070c600000|  0%| F|  |TAMS 0x000000070c400000, 0x000000070c400000| Untracked 
|  89|0x000000070c600000, 0x000000070c600000, 0x000000070c800000|  0%| F|  |TAMS 0x000000070c600000, 0x000000070c600000| Untracked 
|  90|0x000000070c800000, 0x000000070c800000, 0x000000070ca00000|  0%| F|  |TAMS 0x000000070c800000, 0x000000070c800000| Untracked 
|  91|0x000000070ca00000, 0x000000070ca00000, 0x000000070cc00000|  0%| F|  |TAMS 0x000000070ca00000, 0x000000070ca00000| Untracked 
|  92|0x000000070cc00000, 0x000000070cc00000, 0x000000070ce00000|  0%| F|  |TAMS 0x000000070cc00000, 0x000000070cc00000| Untracked 
|  93|0x000000070ce00000, 0x000000070ce00000, 0x000000070d000000|  0%| F|  |TAMS 0x000000070ce00000, 0x000000070ce00000| Untracked 
|  94|0x000000070d000000, 0x000000070d000000, 0x000000070d200000|  0%| F|  |TAMS 0x000000070d000000, 0x000000070d000000| Untracked 
|  95|0x000000070d200000, 0x000000070d200000, 0x000000070d400000|  0%| F|  |TAMS 0x000000070d200000, 0x000000070d200000| Untracked 
|  96|0x000000070d400000, 0x000000070d400000, 0x000000070d600000|  0%| F|  |TAMS 0x000000070d400000, 0x000000070d400000| Untracked 
|  97|0x000000070d600000, 0x000000070d600000, 0x000000070d800000|  0%| F|  |TAMS 0x000000070d600000, 0x000000070d600000| Untracked 
|  98|0x000000070d800000, 0x000000070d800000, 0x000000070da00000|  0%| F|  |TAMS 0x000000070d800000, 0x000000070d800000| Untracked 
|  99|0x000000070da00000, 0x000000070dc00000, 0x000000070dc00000|100%| S|CS|TAMS 0x000000070da00000, 0x000000070da00000| Complete 
| 100|0x000000070dc00000, 0x000000070de00000, 0x000000070de00000|100%| S|CS|TAMS 0x000000070dc00000, 0x000000070dc00000| Complete 
| 101|0x000000070de00000, 0x000000070e000000, 0x000000070e000000|100%| S|CS|TAMS 0x000000070de00000, 0x000000070de00000| Complete 
| 102|0x000000070e000000, 0x000000070e000000, 0x000000070e200000|  0%| F|  |TAMS 0x000000070e000000, 0x000000070e000000| Untracked 
| 103|0x000000070e200000, 0x000000070e200000, 0x000000070e400000|  0%| F|  |TAMS 0x000000070e200000, 0x000000070e200000| Untracked 
| 104|0x000000070e400000, 0x000000070e400000, 0x000000070e600000|  0%| F|  |TAMS 0x000000070e400000, 0x000000070e400000| Untracked 
| 105|0x000000070e600000, 0x000000070e600000, 0x000000070e800000|  0%| F|  |TAMS 0x000000070e600000, 0x000000070e600000| Untracked 
| 106|0x000000070e800000, 0x000000070e800000, 0x000000070ea00000|  0%| F|  |TAMS 0x000000070e800000, 0x000000070e800000| Untracked 
| 107|0x000000070ea00000, 0x000000070eb09898, 0x000000070ec00000| 51%| E|  |TAMS 0x000000070ea00000, 0x000000070ea00000| Complete 
| 108|0x000000070ec00000, 0x000000070ee00000, 0x000000070ee00000|100%| E|CS|TAMS 0x000000070ec00000, 0x000000070ec00000| Complete 
| 109|0x000000070ee00000, 0x000000070f000000, 0x000000070f000000|100%| E|CS|TAMS 0x000000070ee00000, 0x000000070ee00000| Complete 
| 110|0x000000070f000000, 0x000000070f200000, 0x000000070f200000|100%| E|CS|TAMS 0x000000070f000000, 0x000000070f000000| Complete 
| 111|0x000000070f200000, 0x000000070f400000, 0x000000070f400000|100%| E|CS|TAMS 0x000000070f200000, 0x000000070f200000| Complete 
| 112|0x000000070f400000, 0x000000070f600000, 0x000000070f600000|100%| E|CS|TAMS 0x000000070f400000, 0x000000070f400000| Complete 
| 113|0x000000070f600000, 0x000000070f800000, 0x000000070f800000|100%| E|CS|TAMS 0x000000070f600000, 0x000000070f600000| Complete 
| 114|0x000000070f800000, 0x000000070fa00000, 0x000000070fa00000|100%| E|CS|TAMS 0x000000070f800000, 0x000000070f800000| Complete 
| 115|0x000000070fa00000, 0x000000070fc00000, 0x000000070fc00000|100%| E|CS|TAMS 0x000000070fa00000, 0x000000070fa00000| Complete 
| 116|0x000000070fc00000, 0x000000070fe00000, 0x000000070fe00000|100%| E|CS|TAMS 0x000000070fc00000, 0x000000070fc00000| Complete 
| 117|0x000000070fe00000, 0x0000000710000000, 0x0000000710000000|100%| E|CS|TAMS 0x000000070fe00000, 0x000000070fe00000| Complete 
| 118|0x0000000710000000, 0x0000000710000000, 0x0000000710200000|  0%| F|  |TAMS 0x0000000710000000, 0x0000000710000000| Untracked 
| 119|0x0000000710200000, 0x0000000710200000, 0x0000000710400000|  0%| F|  |TAMS 0x0000000710200000, 0x0000000710200000| Untracked 
| 120|0x0000000710400000, 0x0000000710400000, 0x0000000710600000|  0%| F|  |TAMS 0x0000000710400000, 0x0000000710400000| Untracked 
| 121|0x0000000710600000, 0x0000000710600000, 0x0000000710800000|  0%| F|  |TAMS 0x0000000710600000, 0x0000000710600000| Untracked 
| 122|0x0000000710800000, 0x0000000710800000, 0x0000000710a00000|  0%| F|  |TAMS 0x0000000710800000, 0x0000000710800000| Untracked 
| 123|0x0000000710a00000, 0x0000000710a00000, 0x0000000710c00000|  0%| F|  |TAMS 0x0000000710a00000, 0x0000000710a00000| Untracked 
| 124|0x0000000710c00000, 0x0000000710c00000, 0x0000000710e00000|  0%| F|  |TAMS 0x0000000710c00000, 0x0000000710c00000| Untracked 
| 125|0x0000000710e00000, 0x0000000710e00000, 0x0000000711000000|  0%| F|  |TAMS 0x0000000710e00000, 0x0000000710e00000| Untracked 
| 126|0x0000000711000000, 0x0000000711000000, 0x0000000711200000|  0%| F|  |TAMS 0x0000000711000000, 0x0000000711000000| Untracked 
| 127|0x0000000711200000, 0x0000000711400000, 0x0000000711400000|100%| E|CS|TAMS 0x0000000711200000, 0x0000000711200000| Complete 
|2037|0x00000007ffe00000, 0x0000000800000000, 0x0000000800000000|100%| O|  |TAMS 0x0000000800000000, 0x00000007ffe00000| Untracked 

Card table byte_map: [0x0000024953210000,0x0000024953a10000] _byte_map_base: 0x000002494fa06000

Marking Bits (Prev, Next): (CMBitMap*) 0x000002493a43d240, (CMBitMap*) 0x000002493a43d280
 Prev Bits: [0x0000024954210000, 0x00000249581c0000)
 Next Bits: [0x00000249581c0000, 0x000002495c170000)

Polling page: 0x000002493a4b0000

Metaspace:

Usage:
  Non-class:     19.78 MB used.
      Class:      2.76 MB used.
       Both:     22.54 MB used.

Virtual space:
  Non-class space:       24.00 MB reserved,      19.94 MB ( 83%) committed,  3 nodes.
      Class space:        1.00 GB reserved,       2.94 MB ( <1%) committed,  1 nodes.
             Both:        1.02 GB reserved,      22.88 MB (  2%) committed. 

Chunk freelists:
   Non-Class:  3.98 MB
       Class:  1008.00 KB
        Both:  4.97 MB

MaxMetaspaceSize: unlimited
CompressedClassSpaceSize: 1.00 GB
Initial GC threshold: 21.00 MB
Current GC threshold: 38.12 MB
CDS: on
MetaspaceReclaimPolicy: balanced
 - commit_granule_bytes: 65536.
 - commit_granule_words: 8192.
 - virtual_space_node_default_size: 1048576.
 - enlarge_chunks_in_place: 1.
 - new_chunks_are_fully_committed: 0.
 - uncommit_free_chunks: 1.
 - use_allocation_guard: 0.
 - handle_deallocations: 1.


Internal statistics:

num_allocs_failed_limit: 3.
num_arena_births: 260.
num_arena_deaths: 0.
num_vsnodes_births: 4.
num_vsnodes_deaths: 0.
num_space_committed: 366.
num_space_uncommitted: 0.
num_chunks_returned_to_freelist: 3.
num_chunks_taken_from_freelist: 1021.
num_chunk_merges: 3.
num_chunk_splits: 707.
num_chunks_enlarged: 542.
num_purges: 0.
num_inconsistent_stats: 0.

CodeHeap 'non-profiled nmethods': size=120000Kb used=1568Kb max_used=1568Kb free=118431Kb
 bounds [0x000002494aec0000, 0x000002494b130000, 0x00000249523f0000]
CodeHeap 'profiled nmethods': size=120000Kb used=6552Kb max_used=6552Kb free=113447Kb
 bounds [0x0000024943990000, 0x0000024944000000, 0x000002494aec0000]
CodeHeap 'non-nmethods': size=5760Kb used=1257Kb max_used=1409Kb free=4502Kb
 bounds [0x00000249433f0000, 0x0000024943660000, 0x0000024943990000]
 total_blobs=3529 nmethods=3046 adapters=395
 compilation: enabled
              stopped_count=0, restarted_count=0
 full_count=0

Compilation events (20 events):
Event: 4.434 Thread 0x00000249600aedb0 nmethod 3050 0x000002494b034510 code [0x000002494b0347c0, 0x000002494b0366a0]
Event: 4.434 Thread 0x00000249600aedb0 3052   !   4       sun.nio.ch.NativeThreadSet::add (155 bytes)
Event: 4.436 Thread 0x00000249600aedb0 nmethod 3052 0x000002494b038690 code [0x000002494b038820, 0x000002494b038a58]
Event: 4.436 Thread 0x00000249600aedb0 3053       4       java.io.InputStreamReader::read (11 bytes)
Event: 4.482 Thread 0x00000249600aedb0 nmethod 3053 0x000002494b038c10 code [0x000002494b038e40, 0x000002494b03a898]
Event: 4.483 Thread 0x00000249600aedb0 3056  s    4       sun.nio.ch.ChannelInputStream::read (77 bytes)
Event: 4.491 Thread 0x00000249600aedb0 nmethod 3056 0x000002494b03bc90 code [0x000002494b03be40, 0x000002494b03c5c8]
Event: 4.491 Thread 0x00000249600aedb0 3057   !   4       sun.nio.cs.StreamDecoder::read (196 bytes)
Event: 4.539 Thread 0x00000249600aedb0 nmethod 3057 0x000002494b03ca10 code [0x000002494b03cc40, 0x000002494b03ea18]
Event: 4.539 Thread 0x00000249600aedb0 3058       4       java.nio.Buffer$1::acquireScope (41 bytes)
Event: 4.540 Thread 0x00000249600aedb0 nmethod 3058 0x000002494b040090 code [0x000002494b040200, 0x000002494b0402b8]
Event: 4.540 Thread 0x00000249600aedb0 3055   !   4       sun.nio.ch.IOUtil::releaseScope (31 bytes)
Event: 4.540 Thread 0x00000249600aedb0 nmethod 3055 0x000002494b040390 code [0x000002494b040500, 0x000002494b040578]
Event: 4.540 Thread 0x00000249600aedb0 3054       4       sun.nio.ch.IOUtil::acquireScope (11 bytes)
Event: 4.541 Thread 0x00000249600aedb0 nmethod 3054 0x000002494b040690 code [0x000002494b040800, 0x000002494b040898]
Event: 4.573 Thread 0x000002495e7f3540 nmethod 3051 0x000002494b040990 code [0x000002494b040d20, 0x000002494b045308]
Event: 4.669 Thread 0x000002495e7f5e40 3059 % !   3       java.nio.file.Files::readAllLines @ 14 (76 bytes)
Event: 4.670 Thread 0x000002495e7f5e40 nmethod 3059% 0x0000024943ff3d90 code [0x0000024943ff3fc0, 0x0000024943ff4a18]
Event: 4.674 Thread 0x000002495e7f5e40 3060   !   3       java.nio.file.Files::readAllLines (76 bytes)
Event: 4.674 Thread 0x000002495e7f5e40 nmethod 3060 0x0000024943ff4e10 code [0x0000024943ff5080, 0x0000024943ff5cf8]

GC Heap History (20 events):
Event: 4.248 GC heap before
{Heap before GC invocations=7 (full 0):
 garbage-first heap   total 43008K, used 24580K [0x0000000701400000, 0x0000000800000000)
  region size 2048K, 4 young (8192K), 1 survivors (2048K)
 Metaspace       used 23078K, committed 23424K, reserved 1073152K
  class space    used 2828K, committed 3008K, reserved 1048576K
}
Event: 4.249 GC heap after
{Heap after GC invocations=8 (full 0):
 garbage-first heap   total 43008K, used 22753K [0x0000000701400000, 0x0000000800000000)
  region size 2048K, 1 young (2048K), 1 survivors (2048K)
 Metaspace       used 23078K, committed 23424K, reserved 1073152K
  class space    used 2828K, committed 3008K, reserved 1048576K
}
Event: 4.261 GC heap before
{Heap before GC invocations=8 (full 0):
 garbage-first heap   total 43008K, used 26849K [0x0000000701400000, 0x0000000800000000)
  region size 2048K, 3 young (6144K), 1 survivors (2048K)
 Metaspace       used 23078K, committed 23424K, reserved 1073152K
  class space    used 2828K, committed 3008K, reserved 1048576K
}
Event: 4.262 GC heap after
{Heap after GC invocations=9 (full 0):
 garbage-first heap   total 43008K, used 25668K [0x0000000701400000, 0x0000000800000000)
  region size 2048K, 1 young (2048K), 1 survivors (2048K)
 Metaspace       used 23078K, committed 23424K, reserved 1073152K
  class space    used 2828K, committed 3008K, reserved 1048576K
}
Event: 4.269 GC heap before
{Heap before GC invocations=9 (full 0):
 garbage-first heap   total 43008K, used 27716K [0x0000000701400000, 0x0000000800000000)
  region size 2048K, 2 young (4096K), 1 survivors (2048K)
 Metaspace       used 23078K, committed 23424K, reserved 1073152K
  class space    used 2828K, committed 3008K, reserved 1048576K
}
Event: 4.271 GC heap after
{Heap after GC invocations=10 (full 0):
 garbage-first heap   total 153600K, used 27294K [0x0000000701400000, 0x0000000800000000)
  region size 2048K, 1 young (2048K), 1 survivors (2048K)
 Metaspace       used 23078K, committed 23424K, reserved 1073152K
  class space    used 2828K, committed 3008K, reserved 1048576K
}
Event: 4.384 GC heap before
{Heap before GC invocations=11 (full 0):
 garbage-first heap   total 122880K, used 74398K [0x0000000701400000, 0x0000000800000000)
  region size 2048K, 24 young (49152K), 1 survivors (2048K)
 Metaspace       used 23081K, committed 23424K, reserved 1073152K
  class space    used 2829K, committed 3008K, reserved 1048576K
}
Event: 4.392 GC heap after
{Heap after GC invocations=12 (full 0):
 garbage-first heap   total 122880K, used 58983K [0x0000000701400000, 0x0000000800000000)
  region size 2048K, 3 young (6144K), 3 survivors (6144K)
 Metaspace       used 23081K, committed 23424K, reserved 1073152K
  class space    used 2829K, committed 3008K, reserved 1048576K
}
Event: 4.430 GC heap before
{Heap before GC invocations=12 (full 0):
 garbage-first heap   total 122880K, used 77415K [0x0000000701400000, 0x0000000800000000)
  region size 2048K, 12 young (24576K), 3 survivors (6144K)
 Metaspace       used 23081K, committed 23424K, reserved 1073152K
  class space    used 2829K, committed 3008K, reserved 1048576K
}
Event: 4.434 GC heap after
{Heap after GC invocations=13 (full 0):
 garbage-first heap   total 122880K, used 72978K [0x0000000701400000, 0x0000000800000000)
  region size 2048K, 2 young (4096K), 2 survivors (4096K)
 Metaspace       used 23081K, committed 23424K, reserved 1073152K
  class space    used 2829K, committed 3008K, reserved 1048576K
}
Event: 4.453 GC heap before
{Heap before GC invocations=13 (full 0):
 garbage-first heap   total 122880K, used 85266K [0x0000000701400000, 0x0000000800000000)
  region size 2048K, 8 young (16384K), 2 survivors (4096K)
 Metaspace       used 23082K, committed 23424K, reserved 1073152K
  class space    used 2829K, committed 3008K, reserved 1048576K
}
Event: 4.456 GC heap after
{Heap after GC invocations=14 (full 0):
 garbage-first heap   total 122880K, used 81964K [0x0000000701400000, 0x0000000800000000)
  region size 2048K, 1 young (2048K), 1 survivors (2048K)
 Metaspace       used 23082K, committed 23424K, reserved 1073152K
  class space    used 2829K, committed 3008K, reserved 1048576K
}
Event: 4.471 GC heap before
{Heap before GC invocations=14 (full 0):
 garbage-first heap   total 122880K, used 90156K [0x0000000701400000, 0x0000000800000000)
  region size 2048K, 5 young (10240K), 1 survivors (2048K)
 Metaspace       used 23082K, committed 23424K, reserved 1073152K
  class space    used 2829K, committed 3008K, reserved 1048576K
}
Event: 4.473 GC heap after
{Heap after GC invocations=15 (full 0):
 garbage-first heap   total 122880K, used 88466K [0x0000000701400000, 0x0000000800000000)
  region size 2048K, 1 young (2048K), 1 survivors (2048K)
 Metaspace       used 23082K, committed 23424K, reserved 1073152K
  class space    used 2829K, committed 3008K, reserved 1048576K
}
Event: 4.486 GC heap before
{Heap before GC invocations=15 (full 0):
 garbage-first heap   total 122880K, used 94610K [0x0000000701400000, 0x0000000800000000)
  region size 2048K, 4 young (8192K), 1 survivors (2048K)
 Metaspace       used 23082K, committed 23424K, reserved 1073152K
  class space    used 2829K, committed 3008K, reserved 1048576K
}
Event: 4.487 GC heap after
{Heap after GC invocations=16 (full 0):
 garbage-first heap   total 245760K, used 93150K [0x0000000701400000, 0x0000000800000000)
  region size 2048K, 1 young (2048K), 1 survivors (2048K)
 Metaspace       used 23082K, committed 23424K, reserved 1073152K
  class space    used 2829K, committed 3008K, reserved 1048576K
}
Event: 4.587 GC heap before
{Heap before GC invocations=17 (full 0):
 garbage-first heap   total 245760K, used 140254K [0x0000000701400000, 0x0000000800000000)
  region size 2048K, 24 young (49152K), 1 survivors (2048K)
 Metaspace       used 23082K, committed 23424K, reserved 1073152K
  class space    used 2829K, committed 3008K, reserved 1048576K
}
Event: 4.593 GC heap after
{Heap after GC invocations=18 (full 0):
 garbage-first heap   total 245760K, used 125109K [0x0000000701400000, 0x0000000800000000)
  region size 2048K, 3 young (6144K), 3 survivors (6144K)
 Metaspace       used 23082K, committed 23424K, reserved 1073152K
  class space    used 2829K, committed 3008K, reserved 1048576K
}
Event: 4.635 GC heap before
{Heap before GC invocations=18 (full 0):
 garbage-first heap   total 245760K, used 159925K [0x0000000701400000, 0x0000000800000000)
  region size 2048K, 20 young (40960K), 3 survivors (6144K)
 Metaspace       used 23082K, committed 23424K, reserved 1073152K
  class space    used 2829K, committed 3008K, reserved 1048576K
}
Event: 4.644 GC heap after
{Heap after GC invocations=19 (full 0):
 garbage-first heap   total 245760K, used 148763K [0x0000000701400000, 0x0000000800000000)
  region size 2048K, 3 young (6144K), 3 survivors (6144K)
 Metaspace       used 23082K, committed 23424K, reserved 1073152K
  class space    used 2829K, committed 3008K, reserved 1048576K
}

Deoptimization events (20 events):
Event: 4.196 Thread 0x000002493a3ef5f0 DEOPT PACKING pc=0x0000024943fd1cfb sp=0x00000060893fd8c0
Event: 4.196 Thread 0x000002493a3ef5f0 DEOPT UNPACKING pc=0x0000024943442b43 sp=0x00000060893fcd70 mode 0
Event: 4.197 Thread 0x000002493a3ef5f0 DEOPT PACKING pc=0x0000024943fd1cfb sp=0x00000060893fd8c0
Event: 4.197 Thread 0x000002493a3ef5f0 DEOPT UNPACKING pc=0x0000024943442b43 sp=0x00000060893fcd70 mode 0
Event: 4.197 Thread 0x000002493a3ef5f0 DEOPT PACKING pc=0x0000024943fd1cfb sp=0x00000060893fd8c0
Event: 4.197 Thread 0x000002493a3ef5f0 DEOPT UNPACKING pc=0x0000024943442b43 sp=0x00000060893fcd70 mode 0
Event: 4.197 Thread 0x000002493a3ef5f0 DEOPT PACKING pc=0x0000024943fd1cfb sp=0x00000060893fd8c0
Event: 4.197 Thread 0x000002493a3ef5f0 DEOPT UNPACKING pc=0x0000024943442b43 sp=0x00000060893fcd70 mode 0
Event: 4.198 Thread 0x000002493a3ef5f0 DEOPT PACKING pc=0x0000024943fd1cfb sp=0x00000060893fd8c0
Event: 4.198 Thread 0x000002493a3ef5f0 DEOPT UNPACKING pc=0x0000024943442b43 sp=0x00000060893fcd70 mode 0
Event: 4.198 Thread 0x000002493a3ef5f0 DEOPT PACKING pc=0x0000024943fd1cfb sp=0x00000060893fd8c0
Event: 4.198 Thread 0x000002493a3ef5f0 DEOPT UNPACKING pc=0x0000024943442b43 sp=0x00000060893fcd70 mode 0
Event: 4.198 Thread 0x000002493a3ef5f0 DEOPT PACKING pc=0x0000024943fd1cfb sp=0x00000060893fd8c0
Event: 4.198 Thread 0x000002493a3ef5f0 DEOPT UNPACKING pc=0x0000024943442b43 sp=0x00000060893fcd70 mode 0
Event: 4.199 Thread 0x000002493a3ef5f0 DEOPT PACKING pc=0x0000024943fd1cfb sp=0x00000060893fd8c0
Event: 4.199 Thread 0x000002493a3ef5f0 DEOPT UNPACKING pc=0x0000024943442b43 sp=0x00000060893fcd70 mode 0
Event: 4.199 Thread 0x000002493a3ef5f0 DEOPT PACKING pc=0x0000024943fd1cfb sp=0x00000060893fd8c0
Event: 4.199 Thread 0x000002493a3ef5f0 DEOPT UNPACKING pc=0x0000024943442b43 sp=0x00000060893fcd70 mode 0
Event: 4.200 Thread 0x000002493a3ef5f0 DEOPT PACKING pc=0x0000024943fd1cfb sp=0x00000060893fd8c0
Event: 4.200 Thread 0x000002493a3ef5f0 DEOPT UNPACKING pc=0x0000024943442b43 sp=0x00000060893fcd70 mode 0

Classes unloaded (0 events):
No events

Classes redefined (0 events):
No events

Internal exceptions (20 events):
Event: 3.169 Thread 0x000002493a3ef5f0 Exception <a 'java/lang/ClassNotFoundException'{0x000000070f522e60}: org/springframework/beans/factory/config/InstantiationAwareBeanPostProcessorCustomizer> (0x000000070f522e60) 
thrown [t:\workspace\open\src\hotspot\share\classfile\systemDictionary.cpp, line 256]
Event: 3.170 Thread 0x000002493a3ef5f0 Exception <a 'java/lang/ClassNotFoundException'{0x000000070f5293e0}: org/springframework/beans/factory/config/BeanPostProcessorCustomizer> (0x000000070f5293e0) 
thrown [t:\workspace\open\src\hotspot\share\classfile\systemDictionary.cpp, line 256]
Event: 3.172 Thread 0x000002493a3ef5f0 Exception <a 'java/lang/ClassNotFoundException'{0x000000070f52d4b8}: org/springframework/beans/factory/BeanFactoryAwareCustomizer> (0x000000070f52d4b8) 
thrown [t:\workspace\open\src\hotspot\share\classfile\systemDictionary.cpp, line 256]
Event: 3.173 Thread 0x000002493a3ef5f0 Exception <a 'java/lang/ClassNotFoundException'{0x000000070f531600}: org/springframework/beans/factory/AwareCustomizer> (0x000000070f531600) 
thrown [t:\workspace\open\src\hotspot\share\classfile\systemDictionary.cpp, line 256]
Event: 3.173 Thread 0x000002493a3ef5f0 Exception <a 'java/lang/ClassNotFoundException'{0x000000070f533cb0}: org/springframework/core/OrderedCustomizer> (0x000000070f533cb0) 
thrown [t:\workspace\open\src\hotspot\share\classfile\systemDictionary.cpp, line 256]
Event: 3.174 Thread 0x000002493a3ef5f0 Exception <a 'java/lang/ClassNotFoundException'{0x000000070f5370c0}: org/springframework/beans/factory/BeanClassLoaderAwareCustomizer> (0x000000070f5370c0) 
thrown [t:\workspace\open\src\hotspot\share\classfile\systemDictionary.cpp, line 256]
Event: 3.175 Thread 0x000002493a3ef5f0 Exception <a 'java/lang/ClassNotFoundException'{0x000000070f53a6d0}: org/springframework/beans/factory/AwareCustomizer> (0x000000070f53a6d0) 
thrown [t:\workspace\open\src\hotspot\share\classfile\systemDictionary.cpp, line 256]
Event: 3.175 Thread 0x000002493a3ef5f0 Exception <a 'java/lang/ClassNotFoundException'{0x000000070f53cf90}: org/springframework/aop/framework/AopInfrastructureBeanCustomizer> (0x000000070f53cf90) 
thrown [t:\workspace\open\src\hotspot\share\classfile\systemDictionary.cpp, line 256]
Event: 3.234 Thread 0x000002493a3ef5f0 Exception <a 'java/lang/NoSuchMethodError'{0x000000070f2731d8}: 'int java.lang.invoke.DirectMethodHandle$Holder.invokeSpecial(java.lang.Object, java.lang.Object, java.lang.Object, java.lang.Object, java.lang.Object)'> (0x000000070f2731d8) 
thrown [t:\workspace\open\src\hotspot\share\interpreter\linkResolver.cpp, line 766]
Event: 3.354 Thread 0x000002493a3ef5f0 Exception <a 'java/lang/NoSuchMethodError'{0x000000070f11e298}: 'void java.lang.invoke.DirectMethodHandle$Holder.invokeInterface(java.lang.Object, java.lang.Object, int)'> (0x000000070f11e298) 
thrown [t:\workspace\open\src\hotspot\share\interpreter\linkResolver.cpp, line 766]
Event: 3.357 Thread 0x000002493a3ef5f0 Exception <a 'java/lang/NoSuchMethodError'{0x000000070f138048}: 'int java.lang.invoke.DirectMethodHandle$Holder.invokeVirtual(java.lang.Object, java.lang.Object)'> (0x000000070f138048) 
thrown [t:\workspace\open\src\hotspot\share\interpreter\linkResolver.cpp, line 766]
Event: 3.364 Thread 0x000002493a3ef5f0 Exception <a 'java/lang/IncompatibleClassChangeError'{0x000000070f171d18}: Found class java.lang.Object, but interface was expected> (0x000000070f171d18) 
thrown [t:\workspace\open\src\hotspot\share\interpreter\linkResolver.cpp, line 833]
Event: 3.365 Thread 0x000002493a3ef5f0 Exception <a 'java/lang/NoSuchMethodError'{0x000000070f177170}: 'void java.lang.invoke.DirectMethodHandle$Holder.invokeStatic(java.lang.Object, int, java.lang.Object)'> (0x000000070f177170) 
thrown [t:\workspace\open\src\hotspot\share\interpreter\linkResolver.cpp, line 766]
Event: 3.376 Thread 0x000002493a3ef5f0 Exception <a 'java/lang/NoSuchMethodError'{0x000000070f1a6200}: 'int java.lang.invoke.DirectMethodHandle$Holder.invokeSpecial(java.lang.Object, java.lang.Object, int)'> (0x000000070f1a6200) 
thrown [t:\workspace\open\src\hotspot\share\interpreter\linkResolver.cpp, line 766]
Event: 3.508 Thread 0x000002493a3ef5f0 Exception <a 'java/lang/NoSuchMethodError'{0x000000070ed6d300}: 'java.lang.Object java.lang.invoke.DirectMethodHandle$Holder.invokeStaticInit(java.lang.Object, int, int, int, int)'> (0x000000070ed6d300) 
thrown [t:\workspace\open\src\hotspot\share\interpreter\linkResolver.cpp, line 766]
Event: 3.591 Thread 0x000002493a3ef5f0 Exception <a 'java/lang/NoSuchMethodError'{0x000000070ea35e90}: 'java.lang.Object java.lang.invoke.DirectMethodHandle$Holder.invokeStaticInit(java.lang.Object, java.lang.Object, int, int, int, int)'> (0x000000070ea35e90) 
thrown [t:\workspace\open\src\hotspot\share\interpreter\linkResolver.cpp, line 766]
Event: 3.859 Thread 0x000002493a3ef5f0 Implicit null exception at 0x000002494afbe140 to 0x000002494afc1bac
Event: 3.952 Thread 0x000002493a3ef5f0 Exception <a 'java/io/FileNotFoundException'{0x000000070317c228}> (0x000000070317c228) 
thrown [t:\workspace\open\src\hotspot\share\prims\jni.cpp, line 516]
Event: 3.985 Thread 0x000002493a3ef5f0 Exception <a 'java/lang/NoSuchMethodError'{0x0000000702e4b018}: 'int java.lang.invoke.DirectMethodHandle$Holder.invokeInterface(java.lang.Object, java.lang.Object, java.lang.Object, java.lang.Object)'> (0x0000000702e4b018) 
thrown [t:\workspace\open\src\hotspot\share\interpreter\linkResolver.cpp, line 766]
Event: 4.048 Thread 0x000002493a3ef5f0 Exception <a 'java/io/FileNotFoundException'{0x0000000702fc8ed8}> (0x0000000702fc8ed8) 
thrown [t:\workspace\open\src\hotspot\share\prims\jni.cpp, line 516]

VM Operations (20 events):
Event: 4.307 Executing VM operation: G1Concurrent done
Event: 4.384 Executing VM operation: G1CollectForAllocation
Event: 4.392 Executing VM operation: G1CollectForAllocation done
Event: 4.430 Executing VM operation: G1CollectForAllocation
Event: 4.434 Executing VM operation: G1CollectForAllocation done
Event: 4.453 Executing VM operation: G1CollectForAllocation
Event: 4.456 Executing VM operation: G1CollectForAllocation done
Event: 4.471 Executing VM operation: G1CollectForAllocation
Event: 4.473 Executing VM operation: G1CollectForAllocation done
Event: 4.486 Executing VM operation: G1CollectForAllocation
Event: 4.487 Executing VM operation: G1CollectForAllocation done
Event: 4.496 Executing VM operation: G1Concurrent
Event: 4.498 Executing VM operation: G1Concurrent done
Event: 4.515 Executing VM operation: G1Concurrent
Event: 4.515 Executing VM operation: G1Concurrent done
Event: 4.586 Executing VM operation: G1CollectForAllocation
Event: 4.593 Executing VM operation: G1CollectForAllocation done
Event: 4.635 Executing VM operation: G1CollectForAllocation
Event: 4.644 Executing VM operation: G1CollectForAllocation done
Event: 4.682 Executing VM operation: G1Concurrent

Events (20 events):
Event: 4.056 Thread 0x00000249601eae10 Thread added: 0x00000249601eae10
Event: 4.059 loading class java/util/concurrent/TimeUnit$1
Event: 4.059 loading class java/util/concurrent/TimeUnit$1 done
Event: 4.060 Thread 0x00000249601ed960 Thread added: 0x00000249601ed960
Event: 4.060 loading class java/util/concurrent/locks/AbstractQueuedSynchronizer$ConditionNode
Event: 4.060 loading class java/util/concurrent/locks/AbstractQueuedSynchronizer$ExclusiveNode
Event: 4.060 loading class java/util/concurrent/ForkJoinPool$ManagedBlocker
Event: 4.060 loading class java/util/concurrent/locks/AbstractQueuedSynchronizer$Node
Event: 4.060 loading class java/util/concurrent/ForkJoinPool$ManagedBlocker done
Event: 4.060 loading class java/util/concurrent/locks/AbstractQueuedSynchronizer$Node done
Event: 4.060 loading class java/util/concurrent/locks/AbstractQueuedSynchronizer$ExclusiveNode done
Event: 4.060 loading class java/util/concurrent/locks/AbstractQueuedSynchronizer$ConditionNode done
Event: 4.066 Thread 0x00000249601ec150 Thread added: 0x00000249601ec150
Event: 4.072 loading class jdk/internal/reflect/UnsafeObjectFieldAccessorImpl
Event: 4.072 loading class jdk/internal/reflect/UnsafeObjectFieldAccessorImpl done
Event: 4.328 loading class jdk/internal/access/foreign/MemorySegmentProxy
Event: 4.328 loading class jdk/internal/access/foreign/MemorySegmentProxy done
Event: 4.435 loading class jdk/internal/misc/ScopedMemoryAccess$Scope$Handle
Event: 4.435 loading class jdk/internal/misc/ScopedMemoryAccess$Scope$Handle done
Event: 4.669 Thread 0x00000249600aedb0 Thread exited: 0x00000249600aedb0


Dynamic libraries:
0x00007ff6f8dc0000 - 0x00007ff6f8dd0000 	C:\Program Files\Java\jdk-17.0.1\bin\java.exe
0x00007fff7c0d0000 - 0x00007fff7c2c7000 	C:\WINDOWS\SYSTEM32\ntdll.dll
0x00007fff40c30000 - 0x00007fff40c46000 	C:\Program Files\AVAST Software\Avast\aswhook.dll
0x00007fff7bbd0000 - 0x00007fff7bc8d000 	C:\WINDOWS\System32\KERNEL32.DLL
0x00007fff79b60000 - 0x00007fff79e2d000 	C:\WINDOWS\System32\KERNELBASE.dll
0x00007fff769e0000 - 0x00007fff76a70000 	C:\WINDOWS\SYSTEM32\apphelp.dll
0x00007fff797f0000 - 0x00007fff798f0000 	C:\WINDOWS\System32\ucrtbase.dll
0x00007fff65390000 - 0x00007fff653aa000 	C:\Program Files\Java\jdk-17.0.1\bin\VCRUNTIME140.dll
0x00007fff64fe0000 - 0x00007fff64ff8000 	C:\Program Files\Java\jdk-17.0.1\bin\jli.dll
0x00007fff7be40000 - 0x00007fff7beee000 	C:\WINDOWS\System32\ADVAPI32.dll
0x00007fff7ad90000 - 0x00007fff7ae2e000 	C:\WINDOWS\System32\msvcrt.dll
0x00007fff7bcf0000 - 0x00007fff7bd8c000 	C:\WINDOWS\System32\sechost.dll
0x00007fff7abf0000 - 0x00007fff7ad15000 	C:\WINDOWS\System32\RPCRT4.dll
0x00007fff7a1e0000 - 0x00007fff7a380000 	C:\WINDOWS\System32\USER32.dll
0x00007fff79b30000 - 0x00007fff79b52000 	C:\WINDOWS\System32\win32u.dll
0x00007fff70670000 - 0x00007fff7090a000 	C:\WINDOWS\WinSxS\amd64_microsoft.windows.common-controls_6595b64144ccf1df_6.0.19041.1110_none_60b5254171f9507e\COMCTL32.dll
0x00007fff7be10000 - 0x00007fff7be3a000 	C:\WINDOWS\System32\GDI32.dll
0x00007fff79990000 - 0x00007fff79a9b000 	C:\WINDOWS\System32\gdi32full.dll
0x00007fff79fe0000 - 0x00007fff7a07d000 	C:\WINDOWS\System32\msvcp_win.dll
0x00007fff70d70000 - 0x00007fff70d7a000 	C:\WINDOWS\SYSTEM32\VERSION.dll
0x00007fff7bcb0000 - 0x00007fff7bce0000 	C:\WINDOWS\System32\IMM32.DLL
0x00007fff6f970000 - 0x00007fff6f97c000 	C:\Program Files\Java\jdk-17.0.1\bin\vcruntime140_1.dll
0x00007fff3cef0000 - 0x00007fff3cf7d000 	C:\Program Files\Java\jdk-17.0.1\bin\msvcp140.dll
0x00007ffef1e30000 - 0x00007ffef29ee000 	C:\Program Files\Java\jdk-17.0.1\bin\server\jvm.dll
0x00007fff7bce0000 - 0x00007fff7bce8000 	C:\WINDOWS\System32\PSAPI.DLL
0x00007fff6f480000 - 0x00007fff6f4a7000 	C:\WINDOWS\SYSTEM32\WINMM.dll
0x00007fff77790000 - 0x00007fff77799000 	C:\WINDOWS\SYSTEM32\WSOCK32.dll
0x00007fff7ad20000 - 0x00007fff7ad8b000 	C:\WINDOWS\System32\WS2_32.dll
0x00007fff780d0000 - 0x00007fff780e2000 	C:\WINDOWS\SYSTEM32\kernel.appcore.dll
0x00007fff6ad20000 - 0x00007fff6ad2a000 	C:\Program Files\Java\jdk-17.0.1\bin\jimage.dll
0x00007fff775a0000 - 0x00007fff77784000 	C:\WINDOWS\SYSTEM32\DBGHELP.DLL
0x00007fff70b60000 - 0x00007fff70b8c000 	C:\WINDOWS\SYSTEM32\dbgcore.DLL
0x00007fff79aa0000 - 0x00007fff79b22000 	C:\WINDOWS\System32\bcryptPrimitives.dll
0x00007fff49a90000 - 0x00007fff49acb000 	C:\Program Files\Java\jdk-17.0.1\bin\jdwp.dll
0x00007fff45ff0000 - 0x00007fff46015000 	C:\Program Files\Java\jdk-17.0.1\bin\java.dll
0x00007fff31aa0000 - 0x00007fff31b76000 	C:\Program Files\Java\jdk-17.0.1\bin\svml.dll
0x00007fff7ae30000 - 0x00007fff7b574000 	C:\WINDOWS\System32\SHELL32.dll
0x00007fff777c0000 - 0x00007fff77f54000 	C:\WINDOWS\SYSTEM32\windows.storage.dll
0x00007fff7a3e0000 - 0x00007fff7a734000 	C:\WINDOWS\System32\combase.dll
0x00007fff79180000 - 0x00007fff791ac000 	C:\WINDOWS\SYSTEM32\Wldp.dll
0x00007fff7b580000 - 0x00007fff7b62d000 	C:\WINDOWS\System32\SHCORE.dll
0x00007fff7a380000 - 0x00007fff7a3d5000 	C:\WINDOWS\System32\shlwapi.dll
0x00007fff79730000 - 0x00007fff7974f000 	C:\WINDOWS\SYSTEM32\profapi.dll
0x00007fff70410000 - 0x00007fff7041c000 	C:\Program Files\Java\jdk-17.0.1\bin\dt_socket.dll
0x00007fff78bd0000 - 0x00007fff78c0b000 	C:\WINDOWS\SYSTEM32\IPHLPAPI.DLL
0x00007fff78ee0000 - 0x00007fff78f4a000 	C:\WINDOWS\system32\mswsock.dll
0x00007fff78c10000 - 0x00007fff78cdb000 	C:\WINDOWS\SYSTEM32\DNSAPI.dll
0x00007fff7baa0000 - 0x00007fff7baa8000 	C:\WINDOWS\System32\NSI.dll
0x00007fff6eae0000 - 0x00007fff6eaea000 	C:\Windows\System32\rasadhlp.dll
0x00007fff6ec10000 - 0x00007fff6ec90000 	C:\WINDOWS\System32\fwpuclnt.dll
0x00007fff79960000 - 0x00007fff79987000 	C:\WINDOWS\System32\bcrypt.dll
0x00007fff45fd0000 - 0x00007fff45fe9000 	C:\Program Files\Java\jdk-17.0.1\bin\net.dll
0x00007fff6eb00000 - 0x00007fff6ec0a000 	C:\WINDOWS\SYSTEM32\WINHTTP.dll
0x00007fff45fb0000 - 0x00007fff45fc5000 	C:\Program Files\Java\jdk-17.0.1\bin\nio.dll
0x00007fff45eb0000 - 0x00007fff45ec8000 	C:\Program Files\Java\jdk-17.0.1\bin\zip.dll
0x00007fff70400000 - 0x00007fff70410000 	C:\Program Files\Java\jdk-17.0.1\bin\verify.dll
0x00007fff6f9e0000 - 0x00007fff6f9e9000 	C:\Program Files\Java\jdk-17.0.1\bin\management.dll
0x00007fff6e3e0000 - 0x00007fff6e3eb000 	C:\Program Files\Java\jdk-17.0.1\bin\management_ext.dll
0x00007fff65830000 - 0x00007fff65847000 	C:\WINDOWS\system32\napinsp.dll
0x00007fff64ab0000 - 0x00007fff64acb000 	C:\WINDOWS\system32\pnrpnsp.dll
0x00007fff65a20000 - 0x00007fff65a35000 	C:\WINDOWS\system32\wshbth.dll
0x00007fff73860000 - 0x00007fff7387d000 	C:\WINDOWS\system32\NLAapi.dll
0x00007fff65e00000 - 0x00007fff65e12000 	C:\WINDOWS\System32\winrnr.dll
0x00007fff790d0000 - 0x00007fff790e8000 	C:\WINDOWS\SYSTEM32\CRYPTSP.dll
0x00007fff78860000 - 0x00007fff78894000 	C:\WINDOWS\system32\rsaenh.dll
0x00007fff796f0000 - 0x00007fff7971e000 	C:\WINDOWS\SYSTEM32\USERENV.dll
0x00007fff790f0000 - 0x00007fff790fc000 	C:\WINDOWS\SYSTEM32\CRYPTBASE.dll
0x00007fff73530000 - 0x00007fff73547000 	C:\WINDOWS\SYSTEM32\dhcpcsvc6.DLL
0x00007fff737d0000 - 0x00007fff737ed000 	C:\WINDOWS\SYSTEM32\dhcpcsvc.DLL

dbghelp: loaded successfully - version: 4.0.5 - missing functions: none
symbol engine: initialized successfully - sym options: 0x614 - pdb path: .;C:\Program Files\Java\jdk-17.0.1\bin;C:\WINDOWS\SYSTEM32;C:\Program Files\AVAST Software\Avast;C:\WINDOWS\WinSxS\amd64_microsoft.windows.common-controls_6595b64144ccf1df_6.0.19041.1110_none_60b5254171f9507e;C:\Program Files\Java\jdk-17.0.1\bin\server

VM Arguments:
jvm_args: -Xdebug -Xnoagent -Djava.compiler=NONE -Xrunjdwp:transport=dt_socket,address=localhost:49436,server=n,suspend=y -XX:+ShowCodeDetailsInExceptionMessages -Dfile.encoding=UTF-8 
java_command: proyecto.ProyectoApplication
java_class_path (initial): C:\Users\carlo\Desktop\Proyecto\serverFinal\proyecto\target\classes;C:\Users\carlo\.m2\repository\org\springframework\boot\spring-boot-starter-web\2.5.6\spring-boot-starter-web-2.5.6.jar;C:\Users\carlo\.m2\repository\org\springframework\boot\spring-boot-starter\2.5.6\spring-boot-starter-2.5.6.jar;C:\Users\carlo\.m2\repository\org\springframework\boot\spring-boot\2.5.6\spring-boot-2.5.6.jar;C:\Users\carlo\.m2\repository\org\springframework\boot\spring-boot-autoconfigure\2.5.6\spring-boot-autoconfigure-2.5.6.jar;C:\Users\carlo\.m2\repository\org\springframework\boot\spring-boot-starter-logging\2.5.6\spring-boot-starter-logging-2.5.6.jar;C:\Users\carlo\.m2\repository\ch\qos\logback\logback-classic\1.2.6\logback-classic-1.2.6.jar;C:\Users\carlo\.m2\repository\ch\qos\logback\logback-core\1.2.6\logback-core-1.2.6.jar;C:\Users\carlo\.m2\repository\org\apache\logging\log4j\log4j-to-slf4j\2.14.1\log4j-to-slf4j-2.14.1.jar;C:\Users\carlo\.m2\repository\org\apache\logging\log4j\log4j-api\2.14.1\log4j-api-2.14.1.jar;C:\Users\carlo\.m2\repository\org\slf4j\jul-to-slf4j\1.7.32\jul-to-slf4j-1.7.32.jar;C:\Users\carlo\.m2\repository\jakarta\annotation\jakarta.annotation-api\1.3.5\jakarta.annotation-api-1.3.5.jar;C:\Users\carlo\.m2\repository\org\yaml\snakeyaml\1.28\snakeyaml-1.28.jar;C:\Users\carlo\.m2\repository\org\springframework\boot\spring-boot-starter-json\2.5.6\spring-boot-starter-json-2.5.6.jar;C:\Users\carlo\.m2\repository\com\fasterxml\jackson\core\jackson-databind\2.12.5\jackson-databind-2.12.5.jar;C:\Users\carlo\.m2\repository\com\fasterxml\jackson\core\jackson-annotations\2.12.5\jackson-annotations-2.12.5.jar;C:\Users\carlo\.m2\repository\com\fasterxml\jackson\core\jackson-core\2.12.5\jackson-core-2.12.5.jar;C:\Users\carlo\.m2\repository\com\fasterxml\jackson\datatype\jackson-datatype-jdk8\2.12.5\jackson-datatype-jdk8-2.12.5.jar;C:\Users\carlo\.m2\repository\com\fasterxml\jackson\datatype\jackson-datatype-jsr310\2.12.5\jackson-datatype-jsr310
Launcher Type: SUN_STANDARD

[Global flags]
     intx CICompilerCount                          = 3                                         {product} {ergonomic}
     uint ConcGCThreads                            = 1                                         {product} {ergonomic}
     uint G1ConcRefinementThreads                  = 4                                         {product} {ergonomic}
   size_t G1HeapRegionSize                         = 2097152                                   {product} {ergonomic}
    uintx GCDrainStackTargetSize                   = 64                                        {product} {ergonomic}
   size_t InitialHeapSize                          = 268435456                                 {product} {ergonomic}
   size_t MarkStackSize                            = 4194304                                   {product} {ergonomic}
   size_t MaxHeapSize                              = 4273995776                                {product} {ergonomic}
   size_t MaxNewSize                               = 2562719744                                {product} {ergonomic}
   size_t MinHeapDeltaBytes                        = 2097152                                   {product} {ergonomic}
   size_t MinHeapSize                              = 8388608                                   {product} {ergonomic}
    uintx NonNMethodCodeHeapSize                   = 5832780                                {pd product} {ergonomic}
    uintx NonProfiledCodeHeapSize                  = 122912730                              {pd product} {ergonomic}
    uintx ProfiledCodeHeapSize                     = 122912730                              {pd product} {ergonomic}
    uintx ReservedCodeCacheSize                    = 251658240                              {pd product} {ergonomic}
     bool SegmentedCodeCache                       = true                                      {product} {ergonomic}
     bool ShowCodeDetailsInExceptionMessages       = true                                   {manageable} {command line}
   size_t SoftMaxHeapSize                          = 4273995776                             {manageable} {ergonomic}
     bool UseCompressedClassPointers               = true                           {product lp64_product} {ergonomic}
     bool UseCompressedOops                        = true                           {product lp64_product} {ergonomic}
     bool UseG1GC                                  = true                                      {product} {ergonomic}
     bool UseLargePagesIndividualAllocation        = false                                  {pd product} {ergonomic}

Logging:
Log output configuration:
 #0: stdout all=warning uptime,level,tags
 #1: stderr all=off uptime,level,tags

Environment Variables:
JAVA_HOME=C:\Program Files\Java\jdk-17.0.1
CLASSPATH=C:\xpressmp\lib\xprm.jar;C:\xpressmp\lib\xprs.jar;C:\xpressmp\lib\xprb.jar
PATH=C:\Program Files\Eclipse Adoptium\jdk-17.0.1.12-hotspot\bin;C:\Users\carlo\AppData\Local\Programs\Python\Python39\Scripts\;C:\Users\carlo\AppData\Local\Programs\Python\Python39\;C:\Program Files (x86)\Common Files\Oracle\Java\javapath;C:\Program Files (x86)\Rockwell Software\RSCommon;C:\xpressmp\bin;C:\xpressmp\workbench;C:\Program Files (x86)\Intel\iCLS Client\;C:\ProgramData\Oracle\Java\javapath;C:\Program Files\Intel\iCLS Client\;C:\WINDOWS\system32;C:\WINDOWS;C:\WINDOWS\System32\Wbem;C:\WINDOWS\System32\WindowsPowerShell\v1.0\;C:\Program Files\Java\jdk1.8.0_121\bin;C:\Program Files\dotnet\;C:\Program Files (x86)\Intel\Intel(R) Management Engine Components\DAL;C:\Program Files\Intel\Intel(R) Management Engine Components\DAL;C:\Program Files (x86)\Intel\Intel(R) Management Engine Components\IPT;C:\Program Files\Intel\Intel(R) Management Engine Components\IPT;C:\WINDOWS\System32\OpenSSH\;C:\Program Files\SASHome\Secure\ccme4;C:\Program Files\SASHome\x86\Secure\ccme4;C:\Program Files\Microsoft VS Code\bin;C:\Program Files\SASHome\x86\SASFoundation\9.4\ets\sasexe;C:\Program Files\SASHome\SASFoundation\9.4\ets\sasexe;C:\Program Files\MATLAB18\R2017b\bin;C:\Program Files\MATLAB2\R2017b\bin;C:\Program Files\MATLAB\R2019b\bin;C:\Program Files\MATLAB\R2018b\bin;C:\Program Files (x86)\Calibre2\;C:\Program Files\Microsoft SQL Server\Client SDK\ODBC\130\Tools\Binn\;C:\Program Files (x86)\Microsoft SQL Server\140\Tools\Binn\;C:\Program Files\Microsoft SQL Server\140\Tools\Binn\;C:\Program Files\Microsoft SQL Server\140\DTS\Binn\;C:\ProgramData\chocolatey\bin;C:\Program Files\Java\jdk1.8.0_211\bin;C:\Program Files\nodejs\;C:\Program Files\Git\cmd;C:\Program Files\apache-maven-3.8.3\bin;C:\Users\carlo\AppData\Local\Microsoft\WindowsApps;C:\Program Files\MongoDB\Server\4.4\bin;C:\Users\carlo\AppData\Local\Programs\Microsoft VS Code\bin;C:\Users\carlo\AppData\Roaming\npm
USERNAME=carlo
OS=Windows_NT
PROCESSOR_IDENTIFIER=Intel64 Family 6 Model 142 Stepping 9, GenuineIntel



---------------  S Y S T E M  ---------------

OS:
 Windows 10 , 64 bit Build 19041 (10.0.19041.1741)
OS uptime: 7 days 1:58 hours

CPU: total 4 (initial active 4) (2 cores per cpu, 2 threads per core) family 6 model 142 stepping 9 microcode 0xb4, cx8, cmov, fxsr, ht, mmx, 3dnowpref, sse, sse2, sse3, ssse3, sse4.1, sse4.2, popcnt, lzcnt, tsc, tscinvbit, avx, avx2, aes, erms, clmul, bmi1, bmi2, adx, fma, vzeroupper, clflush, clflushopt

Memory: 4k page, system-wide physical 16301M (3162M free)
TotalPageFile size 65453M (AvailPageFile size 36M)
current process WorkingSet (physical memory assigned to process): 345M, peak: 345M
current process commit charge ("private bytes"): 442M, peak: 468M

vm_info: Java HotSpot(TM) 64-Bit Server VM (17.0.1+12-LTS-39) for windows-amd64 JRE (17.0.1+12-LTS-39), built on Sep 27 2021 18:41:35 by "mach5one" with MS VC++ 16.8 (VS2019)

END.
